

/*
	Generated by the Particle Editor.
	To use the particle editor, launch the game and type 'editParticles' on the console.
*/
particle arcane_fireball {
	depthHack	1
	{
		count				20
		material			textures/particles/barrel_explosion1
		time				0.750
		cycles				0.000
		bunching			1.000
		distribution		rect 0.000 0.000 0.000 
		direction			outward "0.000" 
		orientation			view 
		entityColor			1
		speed				 "120.000" 
		size				 "40.000"  to "20.000"
		aspect				 "1.000"  to "0.800"
		rotation				 "12.000"  to "46.000"
		randomDistribution				1
		boundsExpansion				0.000
		fadeIn				0.100
		fadeOut				0.200
		fadeIndex				0.000
		color 				0.640 0.200 0.120 1.000
		fadeColor 			0.000 0.000 0.000 1.000
		offset 				0.000 0.000 0.000
		gravity 			world -20.000
	}
	{
		count				12
		material			textures/particles/fball
		time				1.550
		cycles				0.000
		bunching			1.000
		distribution		cylinder 2.000 2.000 2.000 0.000 
		direction			outward "90.000" 
		orientation			view 
		entityColor			1
		speed				 "0.500"  to "0.000"
		size				 "19.000"  to "37.500"
		aspect				 "1.500"  to "1.000"
		rotation				 "50.000"  to "85.000"
		randomDistribution				1
		boundsExpansion				0.000
		fadeIn				1.000
		fadeOut				0.650
		fadeIndex				0.000
		color 				0.600 0.000 0.030 1.000
		fadeColor 			0.000 0.000 1.000 0.000
		offset 				0.000 0.000 20.000
		gravity 			world -31.000
	}
	{
		count				15
		material			textures/particles/fball
		time				1.200
		cycles				0.000
		bunching			1.000
		distribution		sphere 10.000 10.000 0.000 
		direction			cone "100.000" 
		orientation			view 
		entityColor			1
		speed				 "8.000" 
		size				 "10.000"  to "50.000"
		aspect				 "1.000" 
		rotation				 "2.000"  to "100.000"
		randomDistribution				1
		boundsExpansion				0.000
		fadeIn				0.200
		fadeOut				0.150
		fadeIndex				0.000
		color 				1.000 0.220 0.250 1.000
		fadeColor 			0.000 0.000 0.000 0.000
		offset 				0.000 0.000 0.000
		gravity 			world 0.000
	}
	{
		count				10
		material			textures/particles/lostflame1
		time				2.000
		cycles				0.000
		bunching			1.000
		distribution		rect 20.000 20.000 20.000 
		direction			cone "100.000" 
		orientation			aimed 0.000 0.100 
		speed				 "0.700"  to "0.200"
		size				 "1.000"  to "0.000"
		aspect				 "1.000" 
		randomDistribution				1
		boundsExpansion				0.000
		fadeIn				0.200
		fadeOut				0.400
		fadeIndex				0.000
		color 				0.350 0.070 0.030 1.000
		fadeColor 			0.000 0.000 0.000 0.000
		offset 				0.000 0.000 50.000
		gravity 			world -38.000
	}
}